2025-11-24T08:44:16+00:00 INFO Started creating list session.
2025-11-24T08:44:17+00:00 ERROR Failed to create LIST session. Exception caught: Syde\Vendor\Inpsyde\PayoneerSdk\Api\Command\Exception\CommandException: Failed to create list session. in C:\xampp\htdocs\myshop\wordpress\wp-content\plugins\payoneer-checkout\modules\inpsyde\payoneer-sdk\src\Api\Command\CreateListCommand.php:136
Previous:
Syde\Vendor\Inpsyde\PayoneerSdk\Client\ApiClientException: Api request failed. Exception was caught when trying to send request: A valid URL was not provided. in C:\xampp\htdocs\myshop\wordpress\wp-content\plugins\payoneer-checkout\modules\inpsyde\payoneer-sdk\src\Client\ApiClient.php:166
Previous:
Syde\Vendor\Inpsyde\Wp\HttpClient\Exception\NetworkException: A valid URL was not provided. in C:\xampp\htdocs\myshop\wordpress\wp-content\plugins\payoneer-checkout\vendor\inpsyde\psr-18-wp-http-client\src\Client.php:74 CONTEXT: {"exception":{}}
2025-11-24T08:44:39+00:00 INFO Started creating list session.
2025-11-24T08:44:39+00:00 ERROR Failed to create LIST session. Exception caught: Syde\Vendor\Inpsyde\PayoneerSdk\Api\Command\Exception\CommandException: Failed to create list session. in C:\xampp\htdocs\myshop\wordpress\wp-content\plugins\payoneer-checkout\modules\inpsyde\payoneer-sdk\src\Api\Command\CreateListCommand.php:136
Previous:
Syde\Vendor\Inpsyde\PayoneerSdk\Client\ApiClientException: Api request failed. Exception was caught when trying to send request: A valid URL was not provided. in C:\xampp\htdocs\myshop\wordpress\wp-content\plugins\payoneer-checkout\modules\inpsyde\payoneer-sdk\src\Client\ApiClient.php:166
Previous:
Syde\Vendor\Inpsyde\Wp\HttpClient\Exception\NetworkException: A valid URL was not provided. in C:\xampp\htdocs\myshop\wordpress\wp-content\plugins\payoneer-checkout\vendor\inpsyde\psr-18-wp-http-client\src\Client.php:74 CONTEXT: {"exception":{}}
2025-11-24T08:44:53+00:00 INFO Started creating list session.
2025-11-24T08:44:53+00:00 ERROR Failed to create LIST session. Exception caught: Syde\Vendor\Inpsyde\PayoneerSdk\Api\Command\Exception\CommandException: Failed to create list session. in C:\xampp\htdocs\myshop\wordpress\wp-content\plugins\payoneer-checkout\modules\inpsyde\payoneer-sdk\src\Api\Command\CreateListCommand.php:136
Previous:
Syde\Vendor\Inpsyde\PayoneerSdk\Client\ApiClientException: Api request failed. Exception was caught when trying to send request: A valid URL was not provided. in C:\xampp\htdocs\myshop\wordpress\wp-content\plugins\payoneer-checkout\modules\inpsyde\payoneer-sdk\src\Client\ApiClient.php:166
Previous:
Syde\Vendor\Inpsyde\Wp\HttpClient\Exception\NetworkException: A valid URL was not provided. in C:\xampp\htdocs\myshop\wordpress\wp-content\plugins\payoneer-checkout\vendor\inpsyde\psr-18-wp-http-client\src\Client.php:74 CONTEXT: {"exception":{}}
2025-11-24T08:44:57+00:00 INFO Started creating list session.
2025-11-24T08:44:57+00:00 ERROR Failed to create LIST session. Exception caught: Syde\Vendor\Inpsyde\PayoneerSdk\Api\Command\Exception\CommandException: Failed to create list session. in C:\xampp\htdocs\myshop\wordpress\wp-content\plugins\payoneer-checkout\modules\inpsyde\payoneer-sdk\src\Api\Command\CreateListCommand.php:136
Previous:
Syde\Vendor\Inpsyde\PayoneerSdk\Client\ApiClientException: Api request failed. Exception was caught when trying to send request: A valid URL was not provided. in C:\xampp\htdocs\myshop\wordpress\wp-content\plugins\payoneer-checkout\modules\inpsyde\payoneer-sdk\src\Client\ApiClient.php:166
Previous:
Syde\Vendor\Inpsyde\Wp\HttpClient\Exception\NetworkException: A valid URL was not provided. in C:\xampp\htdocs\myshop\wordpress\wp-content\plugins\payoneer-checkout\vendor\inpsyde\psr-18-wp-http-client\src\Client.php:74 CONTEXT: {"exception":{}}
2025-11-24T08:45:05+00:00 INFO Started creating list session.
2025-11-24T08:45:05+00:00 ERROR Failed to create LIST session. Exception caught: Syde\Vendor\Inpsyde\PayoneerSdk\Api\Command\Exception\CommandException: Failed to create list session. in C:\xampp\htdocs\myshop\wordpress\wp-content\plugins\payoneer-checkout\modules\inpsyde\payoneer-sdk\src\Api\Command\CreateListCommand.php:136
Previous:
Syde\Vendor\Inpsyde\PayoneerSdk\Client\ApiClientException: Api request failed. Exception was caught when trying to send request: A valid URL was not provided. in C:\xampp\htdocs\myshop\wordpress\wp-content\plugins\payoneer-checkout\modules\inpsyde\payoneer-sdk\src\Client\ApiClient.php:166
Previous:
Syde\Vendor\Inpsyde\Wp\HttpClient\Exception\NetworkException: A valid URL was not provided. in C:\xampp\htdocs\myshop\wordpress\wp-content\plugins\payoneer-checkout\vendor\inpsyde\psr-18-wp-http-client\src\Client.php:74 CONTEXT: {"exception":{}}
2025-11-24T08:45:11+00:00 INFO Started creating list session.
2025-11-24T08:45:11+00:00 ERROR Failed to create LIST session. Exception caught: Syde\Vendor\Inpsyde\PayoneerSdk\Api\Command\Exception\CommandException: Failed to create list session. in C:\xampp\htdocs\myshop\wordpress\wp-content\plugins\payoneer-checkout\modules\inpsyde\payoneer-sdk\src\Api\Command\CreateListCommand.php:136
Previous:
Syde\Vendor\Inpsyde\PayoneerSdk\Client\ApiClientException: Api request failed. Exception was caught when trying to send request: A valid URL was not provided. in C:\xampp\htdocs\myshop\wordpress\wp-content\plugins\payoneer-checkout\modules\inpsyde\payoneer-sdk\src\Client\ApiClient.php:166
Previous:
Syde\Vendor\Inpsyde\Wp\HttpClient\Exception\NetworkException: A valid URL was not provided. in C:\xampp\htdocs\myshop\wordpress\wp-content\plugins\payoneer-checkout\vendor\inpsyde\psr-18-wp-http-client\src\Client.php:74 CONTEXT: {"exception":{}}
2025-11-24T08:45:43+00:00 INFO Started creating list session.
2025-11-24T08:45:43+00:00 ERROR Failed to create LIST session. Exception caught: Syde\Vendor\Inpsyde\PayoneerSdk\Api\Command\Exception\CommandException: Failed to create list session. in C:\xampp\htdocs\myshop\wordpress\wp-content\plugins\payoneer-checkout\modules\inpsyde\payoneer-sdk\src\Api\Command\CreateListCommand.php:136
Previous:
Syde\Vendor\Inpsyde\PayoneerSdk\Client\ApiClientException: Api request failed. Exception was caught when trying to send request: A valid URL was not provided. in C:\xampp\htdocs\myshop\wordpress\wp-content\plugins\payoneer-checkout\modules\inpsyde\payoneer-sdk\src\Client\ApiClient.php:166
Previous:
Syde\Vendor\Inpsyde\Wp\HttpClient\Exception\NetworkException: A valid URL was not provided. in C:\xampp\htdocs\myshop\wordpress\wp-content\plugins\payoneer-checkout\vendor\inpsyde\psr-18-wp-http-client\src\Client.php:74 CONTEXT: {"exception":{}}
2025-11-24T08:45:47+00:00 INFO Started creating list session.
2025-11-24T08:45:47+00:00 ERROR Failed to create LIST session. Exception caught: Syde\Vendor\Inpsyde\PayoneerSdk\Api\Command\Exception\CommandException: Failed to create list session. in C:\xampp\htdocs\myshop\wordpress\wp-content\plugins\payoneer-checkout\modules\inpsyde\payoneer-sdk\src\Api\Command\CreateListCommand.php:136
Previous:
Syde\Vendor\Inpsyde\PayoneerSdk\Client\ApiClientException: Api request failed. Exception was caught when trying to send request: A valid URL was not provided. in C:\xampp\htdocs\myshop\wordpress\wp-content\plugins\payoneer-checkout\modules\inpsyde\payoneer-sdk\src\Client\ApiClient.php:166
Previous:
Syde\Vendor\Inpsyde\Wp\HttpClient\Exception\NetworkException: A valid URL was not provided. in C:\xampp\htdocs\myshop\wordpress\wp-content\plugins\payoneer-checkout\vendor\inpsyde\psr-18-wp-http-client\src\Client.php:74 CONTEXT: {"exception":{}}
2025-11-24T08:45:52+00:00 INFO Started creating list session.
2025-11-24T08:45:52+00:00 ERROR Failed to create LIST session. Exception caught: Syde\Vendor\Inpsyde\PayoneerSdk\Api\Command\Exception\CommandException: Failed to create list session. in C:\xampp\htdocs\myshop\wordpress\wp-content\plugins\payoneer-checkout\modules\inpsyde\payoneer-sdk\src\Api\Command\CreateListCommand.php:136
Previous:
Syde\Vendor\Inpsyde\PayoneerSdk\Client\ApiClientException: Api request failed. Exception was caught when trying to send request: A valid URL was not provided. in C:\xampp\htdocs\myshop\wordpress\wp-content\plugins\payoneer-checkout\modules\inpsyde\payoneer-sdk\src\Client\ApiClient.php:166
Previous:
Syde\Vendor\Inpsyde\Wp\HttpClient\Exception\NetworkException: A valid URL was not provided. in C:\xampp\htdocs\myshop\wordpress\wp-content\plugins\payoneer-checkout\vendor\inpsyde\psr-18-wp-http-client\src\Client.php:74 CONTEXT: {"exception":{}}
